[
[[
ash
awk
base64
basename
blkid
cal
cat
chattr
chgrp
chmod
chown
chroot
chrt
cksum
clear
comm
cp
crond
crontab
cut
date
dd
depmod
devmem
df
diff
dirname
dmesg
dnsd
dnsdomainname
dos2unix
du
echo
egrep
env
ether-wake
expand
expr
fakeidentd
fdflush
fdformat
fdisk
fgrep
find
fold
free
freeramdisk
fsck
fsync
ftpd
ftpget
ftpput
getopt
grep
groups
gunzip
gzip
hd
head
hexdump
hostid
hostname
httpd
hwclock
id
ifconfig
ifenslave
inetd
inotifyd
insmod
install
ionice
iostat
ip
ipaddr
ipcalc
iplink
iproute
iprule
iptunnel
kill
killall
killall5
less
ln
logname
losetup
ls
lsattr
lsmod
lsusb
lzop
lzopcat
md5sum
microcom
mkdir
mkdosfs
mke2fs
mkfifo
mkfs.ext2
mkfs.vfat
mknod
mkswap
modinfo
modprobe
more
mount
mountpoint
mt
mv
nameif
nanddump
nandwrite
nc
netstat
nice
nmeter
nslookup
ntpd
od
patch
pgrep
pidof
ping
ping6
pkill
pmap
powertop
printenv
printf
ps
pscan
pwd
rdate
rdev
readahead
realpath
renice
reset
rev
rfkill
rm
rmdir
rmmod
route
run-parts
script
scriptreplay
sed
seq
setkeycodes
setlogcons
setsid
sha1sum
sha256sum
sha512sum
showkey
sleep
smemcap
sort
split
stat
strings
stty
sum
swapoff
swapon
sync
sysctl
tac
tail
tar
tee
telnet
telnetd
test
tftp
tftpd
time
timeout
top
touch
tr
traceroute
traceroute6
tty
ttysize
tunctl
umount
uname
uncompress
unexpand
uniq
unix2dos
unlzop
unzip
uptime
usleep
uudecode
uuencode
vconfig
vi
watch
wc
wget
which
who
whoami
whois
xargs
zcat
